<?xml version="1.0" encoding="UTF-8"?>
<testsuite xmlns:xsi="http://www.w3.org/2001/XMLSchema-instance" xsi:noNamespaceSchemaLocation="https://maven.apache.org/surefire/maven-surefire-plugin/xsd/surefire-test-report.xsd" name="com.pr.patientrecordclient.AppTest" time="0.014" tests="1" errors="0" skipped="0" failures="0">
  <properties>
    <property name="sun.desktop" value="windows"/>
    <property name="awt.toolkit" value="sun.awt.windows.WToolkit"/>
    <property name="file.encoding.pkg" value="sun.io"/>
    <property name="java.specification.version" value="1.8"/>
    <property name="sun.cpu.isalist" value="amd64"/>
    <property name="sun.jnu.encoding" value="Cp1252"/>
    <property name="java.class.path" value="C:\Users\tharindu.thilakarath\Desktop\projects\PatientRecordClient\target\test-classes;C:\Users\tharindu.thilakarath\Desktop\projects\PatientRecordClient\target\classes;C:\Users\tharindu.thilakarath\.m2\repository\junit\junit\4.11\junit-4.11.jar;C:\Users\tharindu.thilakarath\.m2\repository\org\hamcrest\hamcrest-core\1.3\hamcrest-core-1.3.jar;C:\Users\tharindu.thilakarath\.m2\repository\org\jboss\resteasy\resteasy-client\3.9.3.Final\resteasy-client-3.9.3.Final.jar;C:\Users\tharindu.thilakarath\.m2\repository\org\jboss\spec\javax\ws\rs\jboss-jaxrs-api_2.1_spec\1.0.3.Final\jboss-jaxrs-api_2.1_spec-1.0.3.Final.jar;C:\Users\tharindu.thilakarath\.m2\repository\org\jboss\resteasy\resteasy-jaxrs\3.9.3.Final\resteasy-jaxrs-3.9.3.Final.jar;C:\Users\tharindu.thilakarath\.m2\repository\commons-io\commons-io\2.5\commons-io-2.5.jar;C:\Users\tharindu.thilakarath\.m2\repository\com\github\stephenc\jcip\jcip-annotations\1.0-1\jcip-annotations-1.0-1.jar;C:\Users\tharindu.thilakarath\.m2\repository\org\jboss\logging\jboss-logging\3.3.2.Final\jboss-logging-3.3.2.Final.jar;C:\Users\tharindu.thilakarath\.m2\repository\org\apache\httpcomponents\httpclient\4.5.4\httpclient-4.5.4.jar;C:\Users\tharindu.thilakarath\.m2\repository\org\apache\httpcomponents\httpcore\4.4.7\httpcore-4.4.7.jar;C:\Users\tharindu.thilakarath\.m2\repository\commons-logging\commons-logging\1.2\commons-logging-1.2.jar;C:\Users\tharindu.thilakarath\.m2\repository\commons-codec\commons-codec\1.10\commons-codec-1.10.jar;C:\Users\tharindu.thilakarath\.m2\repository\org\jboss\resteasy\resteasy-jackson2-provider\3.1.0.Final\resteasy-jackson2-provider-3.1.0.Final.jar;C:\Users\tharindu.thilakarath\.m2\repository\com\fasterxml\jackson\core\jackson-core\2.8.3\jackson-core-2.8.3.jar;C:\Users\tharindu.thilakarath\.m2\repository\com\fasterxml\jackson\core\jackson-databind\2.8.3\jackson-databind-2.8.3.jar;C:\Users\tharindu.thilakarath\.m2\repository\com\fasterxml\jackson\core\jackson-annotations\2.8.3\jackson-annotations-2.8.3.jar;C:\Users\tharindu.thilakarath\.m2\repository\com\fasterxml\jackson\jaxrs\jackson-jaxrs-json-provider\2.8.3\jackson-jaxrs-json-provider-2.8.3.jar;C:\Users\tharindu.thilakarath\.m2\repository\com\fasterxml\jackson\jaxrs\jackson-jaxrs-base\2.8.3\jackson-jaxrs-base-2.8.3.jar;C:\Users\tharindu.thilakarath\.m2\repository\com\fasterxml\jackson\module\jackson-module-jaxb-annotations\2.8.3\jackson-module-jaxb-annotations-2.8.3.jar;C:\Users\tharindu.thilakarath\.m2\repository\org\jboss\resteasy\resteasy-core\4.1.0.Final\resteasy-core-4.1.0.Final.jar;C:\Users\tharindu.thilakarath\.m2\repository\org\jboss\spec\javax\xml\bind\jboss-jaxb-api_2.3_spec\1.0.1.Final\jboss-jaxb-api_2.3_spec-1.0.1.Final.jar;C:\Users\tharindu.thilakarath\.m2\repository\org\jboss\resteasy\resteasy-core-spi\4.1.0.Final\resteasy-core-spi-4.1.0.Final.jar;C:\Users\tharindu.thilakarath\.m2\repository\org\reactivestreams\reactive-streams\1.0.2\reactive-streams-1.0.2.jar;C:\Users\tharindu.thilakarath\.m2\repository\javax\validation\validation-api\2.0.1.Final\validation-api-2.0.1.Final.jar;C:\Users\tharindu.thilakarath\.m2\repository\org\jboss\spec\javax\annotation\jboss-annotations-api_1.3_spec\1.0.1.Final\jboss-annotations-api_1.3_spec-1.0.1.Final.jar;C:\Users\tharindu.thilakarath\.m2\repository\javax\activation\activation\1.1.1\activation-1.1.1.jar;C:\Users\tharindu.thilakarath\.m2\repository\org\eclipse\microprofile\config\microprofile-config-api\1.3\microprofile-config-api-1.3.jar;C:\Users\tharindu.thilakarath\.m2\repository\org\osgi\org.osgi.annotation.versioning\1.0.0\org.osgi.annotation.versioning-1.0.0.jar;C:\Users\tharindu.thilakarath\.m2\repository\io\smallrye\smallrye-config\1.3.6\smallrye-config-1.3.6.jar;C:\Users\tharindu.thilakarath\.m2\repository\javax\enterprise\cdi-api\2.0.SP1\cdi-api-2.0.SP1.jar;C:\Users\tharindu.thilakarath\.m2\repository\javax\el\javax.el-api\3.0.0\javax.el-api-3.0.0.jar;C:\Users\tharindu.thilakarath\.m2\repository\javax\interceptor\javax.interceptor-api\1.2\javax.interceptor-api-1.2.jar;C:\Users\tharindu.thilakarath\.m2\repository\javax\inject\javax.inject\1\javax.inject-1.jar;"/>
    <property name="java.vm.vendor" value="Oracle Corporation"/>
    <property name="sun.arch.data.model" value="64"/>
    <property name="user.variant" value=""/>
    <property name="java.vendor.url" value="http://java.oracle.com/"/>
    <property name="user.timezone" value="Asia/Colombo"/>
    <property name="java.vm.specification.version" value="1.8"/>
    <property name="os.name" value="Windows 10"/>
    <property name="user.country" value="US"/>
    <property name="sun.java.launcher" value="SUN_STANDARD"/>
    <property name="sun.boot.library.path" value="C:\Program Files\Java\jdk1.8.0_351\jre\bin"/>
    <property name="sun.java.command" value="C:\Users\THARIN~1.THI\AppData\Local\Temp\surefire5951516552396821939\surefirebooter1793195679123858752.jar C:\Users\tharindu.thilakarath\AppData\Local\Temp\surefire5951516552396821939 2022-11-30T16-21-06_659-jvmRun1 surefire5747847374098264538tmp surefire_03765662687056774289tmp"/>
    <property name="surefire.test.class.path" value="C:\Users\tharindu.thilakarath\Desktop\projects\PatientRecordClient\target\test-classes;C:\Users\tharindu.thilakarath\Desktop\projects\PatientRecordClient\target\classes;C:\Users\tharindu.thilakarath\.m2\repository\junit\junit\4.11\junit-4.11.jar;C:\Users\tharindu.thilakarath\.m2\repository\org\hamcrest\hamcrest-core\1.3\hamcrest-core-1.3.jar;C:\Users\tharindu.thilakarath\.m2\repository\org\jboss\resteasy\resteasy-client\3.9.3.Final\resteasy-client-3.9.3.Final.jar;C:\Users\tharindu.thilakarath\.m2\repository\org\jboss\spec\javax\ws\rs\jboss-jaxrs-api_2.1_spec\1.0.3.Final\jboss-jaxrs-api_2.1_spec-1.0.3.Final.jar;C:\Users\tharindu.thilakarath\.m2\repository\org\jboss\resteasy\resteasy-jaxrs\3.9.3.Final\resteasy-jaxrs-3.9.3.Final.jar;C:\Users\tharindu.thilakarath\.m2\repository\commons-io\commons-io\2.5\commons-io-2.5.jar;C:\Users\tharindu.thilakarath\.m2\repository\com\github\stephenc\jcip\jcip-annotations\1.0-1\jcip-annotations-1.0-1.jar;C:\Users\tharindu.thilakarath\.m2\repository\org\jboss\logging\jboss-logging\3.3.2.Final\jboss-logging-3.3.2.Final.jar;C:\Users\tharindu.thilakarath\.m2\repository\org\apache\httpcomponents\httpclient\4.5.4\httpclient-4.5.4.jar;C:\Users\tharindu.thilakarath\.m2\repository\org\apache\httpcomponents\httpcore\4.4.7\httpcore-4.4.7.jar;C:\Users\tharindu.thilakarath\.m2\repository\commons-logging\commons-logging\1.2\commons-logging-1.2.jar;C:\Users\tharindu.thilakarath\.m2\repository\commons-codec\commons-codec\1.10\commons-codec-1.10.jar;C:\Users\tharindu.thilakarath\.m2\repository\org\jboss\resteasy\resteasy-jackson2-provider\3.1.0.Final\resteasy-jackson2-provider-3.1.0.Final.jar;C:\Users\tharindu.thilakarath\.m2\repository\com\fasterxml\jackson\core\jackson-core\2.8.3\jackson-core-2.8.3.jar;C:\Users\tharindu.thilakarath\.m2\repository\com\fasterxml\jackson\core\jackson-databind\2.8.3\jackson-databind-2.8.3.jar;C:\Users\tharindu.thilakarath\.m2\repository\com\fasterxml\jackson\core\jackson-annotations\2.8.3\jackson-annotations-2.8.3.jar;C:\Users\tharindu.thilakarath\.m2\repository\com\fasterxml\jackson\jaxrs\jackson-jaxrs-json-provider\2.8.3\jackson-jaxrs-json-provider-2.8.3.jar;C:\Users\tharindu.thilakarath\.m2\repository\com\fasterxml\jackson\jaxrs\jackson-jaxrs-base\2.8.3\jackson-jaxrs-base-2.8.3.jar;C:\Users\tharindu.thilakarath\.m2\repository\com\fasterxml\jackson\module\jackson-module-jaxb-annotations\2.8.3\jackson-module-jaxb-annotations-2.8.3.jar;C:\Users\tharindu.thilakarath\.m2\repository\org\jboss\resteasy\resteasy-core\4.1.0.Final\resteasy-core-4.1.0.Final.jar;C:\Users\tharindu.thilakarath\.m2\repository\org\jboss\spec\javax\xml\bind\jboss-jaxb-api_2.3_spec\1.0.1.Final\jboss-jaxb-api_2.3_spec-1.0.1.Final.jar;C:\Users\tharindu.thilakarath\.m2\repository\org\jboss\resteasy\resteasy-core-spi\4.1.0.Final\resteasy-core-spi-4.1.0.Final.jar;C:\Users\tharindu.thilakarath\.m2\repository\org\reactivestreams\reactive-streams\1.0.2\reactive-streams-1.0.2.jar;C:\Users\tharindu.thilakarath\.m2\repository\javax\validation\validation-api\2.0.1.Final\validation-api-2.0.1.Final.jar;C:\Users\tharindu.thilakarath\.m2\repository\org\jboss\spec\javax\annotation\jboss-annotations-api_1.3_spec\1.0.1.Final\jboss-annotations-api_1.3_spec-1.0.1.Final.jar;C:\Users\tharindu.thilakarath\.m2\repository\javax\activation\activation\1.1.1\activation-1.1.1.jar;C:\Users\tharindu.thilakarath\.m2\repository\org\eclipse\microprofile\config\microprofile-config-api\1.3\microprofile-config-api-1.3.jar;C:\Users\tharindu.thilakarath\.m2\repository\org\osgi\org.osgi.annotation.versioning\1.0.0\org.osgi.annotation.versioning-1.0.0.jar;C:\Users\tharindu.thilakarath\.m2\repository\io\smallrye\smallrye-config\1.3.6\smallrye-config-1.3.6.jar;C:\Users\tharindu.thilakarath\.m2\repository\javax\enterprise\cdi-api\2.0.SP1\cdi-api-2.0.SP1.jar;C:\Users\tharindu.thilakarath\.m2\repository\javax\el\javax.el-api\3.0.0\javax.el-api-3.0.0.jar;C:\Users\tharindu.thilakarath\.m2\repository\javax\interceptor\javax.interceptor-api\1.2\javax.interceptor-api-1.2.jar;C:\Users\tharindu.thilakarath\.m2\repository\javax\inject\javax.inject\1\javax.inject-1.jar;"/>
    <property name="sun.cpu.endian" value="little"/>
    <property name="user.home" value="C:\Users\tharindu.thilakarath"/>
    <property name="user.language" value="en"/>
    <property name="java.specification.vendor" value="Oracle Corporation"/>
    <property name="java.home" value="C:\Program Files\Java\jdk1.8.0_351\jre"/>
    <property name="basedir" value="C:\Users\tharindu.thilakarath\Desktop\projects\PatientRecordClient"/>
    <property name="style.color" value="always"/>
    <property name="file.separator" value="\"/>
    <property name="line.separator" value="&#10;"/>
    <property name="java.vm.specification.vendor" value="Oracle Corporation"/>
    <property name="java.specification.name" value="Java Platform API Specification"/>
    <property name="java.awt.graphicsenv" value="sun.awt.Win32GraphicsEnvironment"/>
    <property name="surefire.real.class.path" value="C:\Users\THARIN~1.THI\AppData\Local\Temp\surefire5951516552396821939\surefirebooter1793195679123858752.jar"/>
    <property name="sun.boot.class.path" value="C:\Program Files\Java\jdk1.8.0_351\jre\lib\resources.jar;C:\Program Files\Java\jdk1.8.0_351\jre\lib\rt.jar;C:\Program Files\Java\jdk1.8.0_351\jre\lib\jsse.jar;C:\Program Files\Java\jdk1.8.0_351\jre\lib\jce.jar;C:\Program Files\Java\jdk1.8.0_351\jre\lib\charsets.jar;C:\Program Files\Java\jdk1.8.0_351\jre\lib\jfr.jar;C:\Program Files\Java\jdk1.8.0_351\jre\classes"/>
    <property name="user.script" value=""/>
    <property name="sun.management.compiler" value="HotSpot 64-Bit Tiered Compilers"/>
    <property name="java.runtime.version" value="1.8.0_351-b10"/>
    <property name="user.name" value="tharindu.thilakarath"/>
    <property name="path.separator" value=";"/>
    <property name="os.version" value="10.0"/>
    <property name="java.endorsed.dirs" value="C:\Program Files\Java\jdk1.8.0_351\jre\lib\endorsed"/>
    <property name="java.runtime.name" value="Java(TM) SE Runtime Environment"/>
    <property name="file.encoding" value="Cp1252"/>
    <property name="java.vm.name" value="Java HotSpot(TM) 64-Bit Server VM"/>
    <property name="localRepository" value="C:\Users\tharindu.thilakarath\.m2\repository"/>
    <property name="java.vendor.url.bug" value="http://bugreport.sun.com/bugreport/"/>
    <property name="java.io.tmpdir" value="C:\Users\THARIN~1.THI\AppData\Local\Temp\"/>
    <property name="java.version" value="1.8.0_351"/>
    <property name="user.dir" value="C:\Users\tharindu.thilakarath\Desktop\projects\PatientRecordClient"/>
    <property name="os.arch" value="amd64"/>
    <property name="java.vm.specification.name" value="Java Virtual Machine Specification"/>
    <property name="java.awt.printerjob" value="sun.awt.windows.WPrinterJob"/>
    <property name="sun.os.patch.level" value=""/>
    <property name="java.library.path" value="C:\Program Files\Java\jdk1.8.0_351\jre\bin;C:\Windows\Sun\Java\bin;C:\Windows\system32;C:\Windows;C:/Users/tharindu.thilakarath/.p2/pool/plugins/org.eclipse.justj.openjdk.hotspot.jre.full.win32.x86_64_18.0.1.v20220515-1614/jre/bin/server;C:/Users/tharindu.thilakarath/.p2/pool/plugins/org.eclipse.justj.openjdk.hotspot.jre.full.win32.x86_64_18.0.1.v20220515-1614/jre/bin;C:\Program Files (x86)\Common Files\Oracle\Java\javapath;C:\Windows\system32;C:\Windows;C:\Windows\System32\Wbem;C:\Windows\System32\WindowsPowerShell\v1.0\;C:\Windows\System32\OpenSSH\;C:\Program Files\apache-maven-3.8.6\bin;C:\Program Files (x86)\Microsoft SQL Server\150\Tools\Binn\;C:\Program Files\Microsoft SQL Server\150\Tools\Binn\;C:\Program Files (x86)\Microsoft SQL Server\150\DTS\Binn\;C:\Program Files\Microsoft SQL Server\150\DTS\Binn\;C:\Program Files\Microsoft SQL Server\Client SDK\ODBC\170\Tools\Binn\;C:\Program Files (x86)\Microsoft SQL Server\160\DTS\Binn\;C:\Program Files\Azure Data Studio\bin;C:\wildfly-11.0.0.Final\bin;C:\Program Files\Java\jdk1.8.0_351\bin;C:\Users\tharindu.thilakarath\AppData\Local\Microsoft\WindowsApps;;C:\Program Files\Azure Data Studio\bin;C:\Users\tharindu.thilakarath\Desktop;;."/>
    <property name="java.vm.info" value="mixed mode"/>
    <property name="java.vendor" value="Oracle Corporation"/>
    <property name="java.vm.version" value="25.351-b10"/>
    <property name="java.specification.maintenance.version" value="4"/>
    <property name="java.ext.dirs" value="C:\Program Files\Java\jdk1.8.0_351\jre\lib\ext;C:\Windows\Sun\Java\lib\ext"/>
    <property name="sun.io.unicode.encoding" value="UnicodeLittle"/>
    <property name="java.class.version" value="52.0"/>
  </properties>
  <testcase name="shouldAnswerWithTrue" classname="com.pr.patientrecordclient.AppTest" time="0.005"/>
</testsuite>